::1 - - [10/Oct/2023:08:11:41 +0000] "GET /api/blogs HTTP/1.1" 200 19 "-" "PostmanRuntime/7.33.0"
::1 - - [12/Oct/2023:08:34:26 +0000] "POST /api/auth/login HTTP/1.1" 200 41 "-" "PostmanRuntime/7.33.0"
::1 - - [12/Oct/2023:08:42:50 +0000] "POST /api/users/create HTTP/1.1" 200 20 "-" "PostmanRuntime/7.33.0"
::1 - - [12/Oct/2023:08:43:31 +0000] "POST /api/users/create HTTP/1.1" 201 190 "-" "PostmanRuntime/7.33.0"
::1 - - [12/Oct/2023:08:45:45 +0000] "GET /api/users/ HTTP/1.1" 200 193 "-" "PostmanRuntime/7.33.0"
::1 - - [12/Oct/2023:08:48:36 +0000] "POST /api/users/create HTTP/1.1" 201 191 "-" "PostmanRuntime/7.33.0"
::1 - - [12/Oct/2023:08:48:39 +0000] "GET /api/users/ HTTP/1.1" 200 376 "-" "PostmanRuntime/7.33.0"
::1 - - [12/Oct/2023:08:49:29 +0000] "GET /api/users/ HTTP/1.1" 200 1002 "-" "PostmanRuntime/7.33.0"
::1 - - [12/Oct/2023:08:50:01 +0000] "GET /api/users/ HTTP/1.1" 200 332 "-" "PostmanRuntime/7.33.0"
::1 - - [12/Oct/2023:08:50:29 +0000] "GET /api/users/ HTTP/1.1" 200 1002 "-" "PostmanRuntime/7.33.0"
::1 - - [12/Oct/2023:08:52:07 +0000] "GET /api/users/ HTTP/1.1" 200 316 "-" "PostmanRuntime/7.33.0"
::1 - - [12/Oct/2023:08:53:36 +0000] "GET /api/users/6527b2e4aaaf3caf2ca35f15 HTTP/1.1" 200 191 "-" "PostmanRuntime/7.33.0"
::1 - - [12/Oct/2023:08:54:08 +0000] "PUT /api/users/update/6527b2e4aaaf3caf2ca35f15 HTTP/1.1" 200 191 "-" "PostmanRuntime/7.33.0"
::1 - - [12/Oct/2023:08:54:20 +0000] "GET /api/users/ HTTP/1.1" 200 378 "-" "PostmanRuntime/7.33.0"
::1 - - [12/Oct/2023:08:55:04 +0000] "DELETE /api/users/destroy/6527b1b379a2c7540f583825 HTTP/1.1" 200 190 "-" "PostmanRuntime/7.33.0"
::1 - - [12/Oct/2023:08:55:07 +0000] "DELETE /api/users/destroy/6527b1b379a2c7540f583825 HTTP/1.1" 200 13 "-" "PostmanRuntime/7.33.0"
::1 - - [13/Oct/2023:06:46:28 +0000] "POST /api/auth/register HTTP/1.1" 200 42 "-" "PostmanRuntime/7.33.0"
::1 - - [13/Oct/2023:06:46:37 +0000] "POST /api/auth/login HTTP/1.1" 200 41 "-" "PostmanRuntime/7.33.0"
::1 - - [13/Oct/2023:06:48:50 +0000] "POST /api/auth/register HTTP/1.1" - - "-" "PostmanRuntime/7.33.0"
::1 - - [13/Oct/2023:06:49:33 +0000] "GET /api/users HTTP/1.1" 200 210 "-" "PostmanRuntime/7.33.0"
::1 - - [13/Oct/2023:06:49:53 +0000] "GET /api/users/ HTTP/1.1" 200 210 "-" "PostmanRuntime/7.33.0"
::1 - - [13/Oct/2023:06:49:57 +0000] "POST /api/users/create HTTP/1.1" 201 205 "-" "PostmanRuntime/7.33.0"
::1 - - [13/Oct/2023:06:50:12 +0000] "GET /api/users/ HTTP/1.1" 200 407 "-" "PostmanRuntime/7.33.0"
::1 - - [13/Oct/2023:06:50:52 +0000] "POST /api/auth/register HTTP/1.1" - - "-" "PostmanRuntime/7.33.0"
